<?xml version="1.0" encoding="UTF-8" ?>
<testsuites>
  <testsuite errors="0" failures="0" hostname="LAPTOP-QA50QLRV" id="0" name="CarlsonTest" package="" tests="8" time="0.355" timestamp="2018-04-16T01:08:09">
      <properties>
[...]
</properties>

      <testcase classname="CarlsonTest" name="rightTowerLog" time="0.009" />

      <testcase classname="CarlsonTest" name="towerBigRadius" time="0.001" />

      <testcase classname="CarlsonTest" name="rightWall" time="0.002" />

      <testcase classname="CarlsonTest" name="rightMoatLog" time="0.002" />

      <testcase classname="CarlsonTest" name="makeFood" time="0.001" />

      <testcase classname="CarlsonTest" name="towerNegativeRadius" time="0.001" />

      <testcase classname="CarlsonTest" name="towerWrongFood" time="0.0" />

      <testcase classname="CarlsonTest" name="liquidTower" time="0.001" />

      <system-out><![CDATA[]]></system-out>

      <system-err><![CDATA[]]></system-err>

  </testsuite>
  <testsuite errors="0" failures="0" hostname="LAPTOP-QA50QLRV" id="1" name="CreatureTest" package="" tests="9" time="0.55" timestamp="2018-04-16T01:08:12">
      <properties>
[...]
</properties>

      <testcase classname="CreatureTest" name="lookAtRight" time="0.003" />

      <testcase classname="CreatureTest" name="youngCry" time="0.006" />

      <testcase classname="CreatureTest" name="lookAtLeft" time="0.0" />

      <testcase classname="CreatureTest" name="eat" time="0.002" />

      <testcase classname="CreatureTest" name="smile" time="0.001" />

      <testcase classname="CreatureTest" name="eatDoesNotExist" time="0.0" />

      <testcase classname="CreatureTest" name="maleCry" time="0.0" />

      <testcase classname="CreatureTest" name="femaleCry" time="0.0" />

      <testcase classname="CreatureTest" name="eatLittle" time="0.0" />

      <system-out><![CDATA[]]></system-out>

      <system-err><![CDATA[]]></system-err>

  </testsuite>
  <testsuite errors="0" failures="0" hostname="LAPTOP-QA50QLRV" id="2" name="FoodTest" package="" tests="3" time="0.235" timestamp="2018-04-16T01:08:14">
      <properties>
[...]
</properties>

      <testcase classname="FoodTest" name="effectOfFish" time="0.004" />

      <testcase classname="FoodTest" name="effectOfSoup" time="0.0" />

      <testcase classname="FoodTest" name="youngEffectOfSoup" time="0.001" />

      <system-out><![CDATA[]]></system-out>

      <system-err><![CDATA[]]></system-err>

  </testsuite>
  <testsuite errors="0" failures="0" hostname="LAPTOP-QA50QLRV" id="3" name="PlateTest" package="" tests="8" time="0.584" timestamp="2018-04-16T01:08:15">
      <properties>
[...]
</properties>

      <testcase classname="PlateTest" name="middleFilledPlateStatus" time="0.004" />

      <testcase classname="PlateTest" name="clearTest" time="0.0" />

      <testcase classname="PlateTest" name="addFood" time="0.001" />

      <testcase classname="PlateTest" name="aboutFullPlateStatus" time="0.001" />

      <testcase classname="PlateTest" name="aboutEmptyPlateStatus" time="0.001" />

      <testcase classname="PlateTest" name="fillMaterialsInPlate" time="0.001" />

      <testcase classname="PlateTest" name="emptyPlateStatus" time="0.001" />

      <testcase classname="PlateTest" name="fullPlateStatus" time="0.0" />

      <system-out><![CDATA[]]></system-out>

      <system-err><![CDATA[]]></system-err>

  </testsuite>
</testsuites>
