<?xml version="1.0" encoding="UTF-8" ?>
<testsuite errors="0" failures="0" hostname="helios" name="CarlsonTest" tests="8" time="0.04" timestamp="2018-04-16T01:02:29">
  <properties>
[...]
</properties>
  <testcase classname="CarlsonTest" name="rightTowerLog" time="0.0020" />
  <testcase classname="CarlsonTest" name="towerBigRadius" time="0.0" />
  <testcase classname="CarlsonTest" name="rightWall" time="0.0" />
  <testcase classname="CarlsonTest" name="rightMoatLog" time="0.0" />
  <testcase classname="CarlsonTest" name="makeFood" time="0.0" />
  <testcase classname="CarlsonTest" name="towerNegativeRadius" time="0.0" />
  <testcase classname="CarlsonTest" name="towerWrongFood" time="0.0" />
  <testcase classname="CarlsonTest" name="liquidTower" time="0.0" />
  <system-out><![CDATA[]]></system-out>
  <system-err><![CDATA[]]></system-err>
</testsuite>
